{"contracts/CryptoDollar.sol":{"l":{"23":58,"27":1,"38":2,"39":2,"41":2,"43":2,"45":2,"46":2,"47":2,"48":2,"49":2,"60":2,"61":2,"62":2,"64":2,"66":2,"67":2,"68":2,"69":2,"70":2,"71":2,"81":3,"82":3,"92":2,"104":30,"105":30,"106":30,"107":30,"118":1,"119":1,"120":1,"121":1,"129":27,"138":23,"147":17},"path":"/Users/davidvanisacker/Programming/Ethereum/Proofsuite/ProofCryptoFiat2/contracts/CryptoDollar.sol","s":{"1":58,"2":1,"3":2,"4":2,"5":2,"6":2,"7":2,"8":2,"9":2,"10":2,"11":2,"12":2,"13":3,"14":2,"15":30,"16":1,"17":27,"18":23,"19":17},"b":{"1":[2,0],"2":[2,0]},"f":{"1":58,"2":1,"3":2,"4":2,"5":3,"6":2,"7":30,"8":1,"9":27,"10":23,"11":17},"fnMap":{"1":{"name":"CryptoDollar","line":22,"loc":{"start":{"line":22,"column":2},"end":{"line":22,"column":53}}},"2":{"name":null,"line":26,"loc":{"start":{"line":26,"column":2},"end":{"line":26,"column":27}}},"3":{"name":"transfer","line":37,"loc":{"start":{"line":37,"column":2},"end":{"line":37,"column":79}}},"4":{"name":"transferFrom","line":59,"loc":{"start":{"line":59,"column":2},"end":{"line":59,"column":98}}},"5":{"name":"approve","line":80,"loc":{"start":{"line":80,"column":2},"end":{"line":80,"column":83}}},"6":{"name":"allowance","line":91,"loc":{"start":{"line":91,"column":2},"end":{"line":91,"column":88}}},"7":{"name":"buy","line":103,"loc":{"start":{"line":103,"column":2},"end":{"line":103,"column":102}}},"8":{"name":"sell","line":117,"loc":{"start":{"line":117,"column":2},"end":{"line":117,"column":103}}},"9":{"name":"totalSupply","line":128,"loc":{"start":{"line":128,"column":2},"end":{"line":128,"column":54}}},"10":{"name":"balanceOf","line":137,"loc":{"start":{"line":137,"column":2},"end":{"line":137,"column":77}}},"11":{"name":"reservedEther","line":146,"loc":{"start":{"line":146,"column":2},"end":{"line":146,"column":79}}}},"statementMap":{"1":{"start":{"line":23,"column":4},"end":{"line":23,"column":24}},"2":{"start":{"line":27,"column":4},"end":{"line":27,"column":11}},"3":{"start":{"line":38,"column":4},"end":{"line":38,"column":67}},"4":{"start":{"line":39,"column":4},"end":{"line":39,"column":55}},"5":{"start":{"line":41,"column":4},"end":{"line":41,"column":75}},"6":{"start":{"line":43,"column":4},"end":{"line":43,"column":36}},"7":{"start":{"line":49,"column":4},"end":{"line":49,"column":15}},"8":{"start":{"line":60,"column":4},"end":{"line":60,"column":62}},"9":{"start":{"line":61,"column":4},"end":{"line":61,"column":50}},"10":{"start":{"line":62,"column":4},"end":{"line":62,"column":75}},"11":{"start":{"line":64,"column":4},"end":{"line":64,"column":36}},"12":{"start":{"line":71,"column":4},"end":{"line":71,"column":15}},"13":{"start":{"line":82,"column":4},"end":{"line":82,"column":15}},"14":{"start":{"line":92,"column":4},"end":{"line":92,"column":47}},"15":{"start":{"line":107,"column":4},"end":{"line":107,"column":15}},"16":{"start":{"line":121,"column":4},"end":{"line":121,"column":15}},"17":{"start":{"line":129,"column":4},"end":{"line":129,"column":33}},"18":{"start":{"line":138,"column":4},"end":{"line":138,"column":35}},"19":{"start":{"line":147,"column":4},"end":{"line":147,"column":41}}},"branchMap":{"1":{"line":43,"type":"if","locations":[{"start":{"line":43,"column":4},"end":{"line":43,"column":4}},{"start":{"line":43,"column":4},"end":{"line":43,"column":4}}]},"2":{"line":64,"type":"if","locations":[{"start":{"line":64,"column":4},"end":{"line":64,"column":4}},{"start":{"line":64,"column":4},"end":{"line":64,"column":4}}]}}},"contracts/CryptoFiatHub.sol":{"l":{"31":42,"32":42,"33":42,"34":42,"35":42,"44":42,"45":42,"54":0,"67":20,"68":20,"70":20,"71":20,"72":20,"73":20,"75":20,"76":20,"78":20,"86":0,"87":0,"89":0,"90":0,"92":0,"93":0,"95":0,"96":0,"106":0,"107":0,"109":0,"110":0,"113":0,"115":0,"116":0,"126":3,"134":4,"142":12,"143":12,"151":6,"152":6,"157":4,"164":2,"165":0,"167":2,"177":1,"178":0,"186":5},"path":"/Users/davidvanisacker/Programming/Ethereum/Proofsuite/ProofCryptoFiat2/contracts/CryptoFiatHub.sol","s":{"1":42,"2":42,"3":42,"4":42,"5":42,"6":0,"7":20,"8":20,"9":20,"10":20,"11":20,"12":20,"13":20,"14":0,"15":0,"16":0,"17":0,"18":0,"19":0,"20":0,"21":0,"22":0,"23":0,"24":0,"25":3,"26":4,"27":12,"28":12,"29":6,"30":6,"31":4,"32":2,"33":0,"34":2,"35":1,"36":5},"b":{"1":[20,0],"2":[20,0],"3":[0,0],"4":[0,0],"5":[0,0],"6":[0,0],"7":[0,2],"8":[0,1]},"f":{"1":42,"2":42,"3":0,"4":11,"5":20,"6":0,"7":0,"8":3,"9":4,"10":12,"11":6,"12":4,"13":2,"14":1,"15":5},"fnMap":{"1":{"name":"CryptoFiatHub","line":30,"loc":{"start":{"line":30,"column":2},"end":{"line":30,"column":142}}},"2":{"name":"initialize","line":43,"loc":{"start":{"line":43,"column":2},"end":{"line":43,"column":53}}},"3":{"name":null,"line":53,"loc":{"start":{"line":53,"column":2},"end":{"line":53,"column":28}}},"4":{"name":"capitalize","line":60,"loc":{"start":{"line":60,"column":2},"end":{"line":60,"column":38}}},"5":{"name":"buyCryptoDollar","line":66,"loc":{"start":{"line":66,"column":2},"end":{"line":66,"column":43}}},"6":{"name":"sellCryptoDollar","line":85,"loc":{"start":{"line":85,"column":2},"end":{"line":85,"column":78}}},"7":{"name":"sellUnpeggedCryptoDollar","line":105,"loc":{"start":{"line":105,"column":2},"end":{"line":105,"column":88}}},"8":{"name":"cryptoDollarBalance","line":125,"loc":{"start":{"line":125,"column":2},"end":{"line":125,"column":80}}},"9":{"name":"cryptoDollarTotalSupply","line":133,"loc":{"start":{"line":133,"column":2},"end":{"line":133,"column":70}}},"10":{"name":"totalOutstanding","line":141,"loc":{"start":{"line":141,"column":2},"end":{"line":141,"column":62}}},"11":{"name":"buffer","line":150,"loc":{"start":{"line":150,"column":2},"end":{"line":150,"column":52}}},"12":{"name":"contractBalance","line":156,"loc":{"start":{"line":156,"column":2},"end":{"line":156,"column":62}}},"13":{"name":"currentState","line":163,"loc":{"start":{"line":163,"column":2},"end":{"line":163,"column":57}}},"14":{"name":"inState","line":176,"loc":{"start":{"line":176,"column":2},"end":{"line":176,"column":31}}},"15":{"name":"setExchangeRate","line":185,"loc":{"start":{"line":185,"column":2},"end":{"line":185,"column":49}}}},"statementMap":{"1":{"start":{"line":31,"column":4},"end":{"line":31,"column":61}},"2":{"start":{"line":32,"column":4},"end":{"line":32,"column":55}},"3":{"start":{"line":33,"column":4},"end":{"line":33,"column":56}},"4":{"start":{"line":34,"column":4},"end":{"line":34,"column":24}},"5":{"start":{"line":35,"column":4},"end":{"line":35,"column":23}},"6":{"start":{"line":54,"column":4},"end":{"line":54,"column":11}},"7":{"start":{"line":67,"column":6},"end":{"line":67,"column":31}},"8":{"start":{"line":68,"column":6},"end":{"line":68,"column":27}},"9":{"start":{"line":70,"column":6},"end":{"line":70,"column":30}},"10":{"start":{"line":71,"column":6},"end":{"line":71,"column":45}},"11":{"start":{"line":72,"column":6},"end":{"line":72,"column":39}},"12":{"start":{"line":73,"column":6},"end":{"line":73,"column":63}},"13":{"start":{"line":76,"column":6},"end":{"line":76,"column":70}},"14":{"start":{"line":86,"column":6},"end":{"line":86,"column":62}},"15":{"start":{"line":87,"column":6},"end":{"line":87,"column":67}},"16":{"start":{"line":89,"column":6},"end":{"line":89,"column":31}},"17":{"start":{"line":90,"column":6},"end":{"line":90,"column":42}},"18":{"start":{"line":92,"column":6},"end":{"line":92,"column":71}},"19":{"start":{"line":93,"column":6},"end":{"line":93,"column":75}},"20":{"start":{"line":106,"column":4},"end":{"line":106,"column":60}},"21":{"start":{"line":107,"column":4},"end":{"line":107,"column":65}},"22":{"start":{"line":109,"column":4},"end":{"line":109,"column":29}},"23":{"start":{"line":110,"column":4},"end":{"line":110,"column":40}},"24":{"start":{"line":113,"column":4},"end":{"line":113,"column":73}},"25":{"start":{"line":126,"column":4},"end":{"line":126,"column":42}},"26":{"start":{"line":134,"column":4},"end":{"line":134,"column":37}},"27":{"start":{"line":142,"column":4},"end":{"line":142,"column":46}},"28":{"start":{"line":143,"column":4},"end":{"line":143,"column":48}},"29":{"start":{"line":151,"column":4},"end":{"line":151,"column":59}},"30":{"start":{"line":152,"column":4},"end":{"line":152,"column":16}},"31":{"start":{"line":157,"column":4},"end":{"line":157,"column":23}},"32":{"start":{"line":164,"column":4},"end":{"line":164,"column":5568}},"33":{"start":{"line":165,"column":6},"end":{"line":165,"column":25}},"34":{"start":{"line":167,"column":6},"end":{"line":167,"column":27}},"35":{"start":{"line":177,"column":4},"end":{"line":177,"column":34}},"36":{"start":{"line":186,"column":4},"end":{"line":186,"column":24}}},"branchMap":{"1":{"line":67,"type":"if","locations":[{"start":{"line":67,"column":6},"end":{"line":67,"column":6}},{"start":{"line":67,"column":6},"end":{"line":67,"column":6}}]},"2":{"line":68,"type":"if","locations":[{"start":{"line":68,"column":6},"end":{"line":68,"column":6}},{"start":{"line":68,"column":6},"end":{"line":68,"column":6}}]},"3":{"line":89,"type":"if","locations":[{"start":{"line":89,"column":6},"end":{"line":89,"column":6}},{"start":{"line":89,"column":6},"end":{"line":89,"column":6}}]},"4":{"line":90,"type":"if","locations":[{"start":{"line":90,"column":6},"end":{"line":90,"column":6}},{"start":{"line":90,"column":6},"end":{"line":90,"column":6}}]},"5":{"line":109,"type":"if","locations":[{"start":{"line":109,"column":4},"end":{"line":109,"column":4}},{"start":{"line":109,"column":4},"end":{"line":109,"column":4}}]},"6":{"line":110,"type":"if","locations":[{"start":{"line":110,"column":4},"end":{"line":110,"column":4}},{"start":{"line":110,"column":4},"end":{"line":110,"column":4}}]},"7":{"line":164,"type":"if","locations":[{"start":{"line":164,"column":4},"end":{"line":164,"column":4}},{"start":{"line":164,"column":4},"end":{"line":164,"column":4}}]},"8":{"line":177,"type":"if","locations":[{"start":{"line":177,"column":4},"end":{"line":177,"column":4}},{"start":{"line":177,"column":4},"end":{"line":177,"column":4}}]}}},"contracts/interfaces/CryptoDollarInterface.sol":{"l":{},"path":"/Users/davidvanisacker/Programming/Ethereum/Proofsuite/ProofCryptoFiat2/contracts/interfaces/CryptoDollarInterface.sol","s":{},"b":{},"f":{},"fnMap":{},"statementMap":{},"branchMap":{}},"contracts/interfaces/ERC20.sol":{"l":{},"path":"/Users/davidvanisacker/Programming/Ethereum/Proofsuite/ProofCryptoFiat2/contracts/interfaces/ERC20.sol","s":{},"b":{},"f":{},"fnMap":{},"statementMap":{},"branchMap":{}},"contracts/interfaces/ProofTokenInterface.sol":{"l":{},"path":"/Users/davidvanisacker/Programming/Ethereum/Proofsuite/ProofCryptoFiat2/contracts/interfaces/ProofTokenInterface.sol","s":{},"b":{},"f":{},"fnMap":{},"statementMap":{},"branchMap":{}},"contracts/interfaces/RewardsInterface.sol":{"l":{},"path":"/Users/davidvanisacker/Programming/Ethereum/Proofsuite/ProofCryptoFiat2/contracts/interfaces/RewardsInterface.sol","s":{},"b":{},"f":{},"fnMap":{},"statementMap":{},"branchMap":{}},"contracts/interfaces/StoreInterface.sol":{"l":{},"path":"/Users/davidvanisacker/Programming/Ethereum/Proofsuite/ProofCryptoFiat2/contracts/interfaces/StoreInterface.sol","s":{},"b":{},"f":{},"fnMap":{},"statementMap":{},"branchMap":{}},"contracts/libraries/CryptoDollarStorageProxy.sol":{"l":{"12":7,"18":30,"22":24,"26":5,"30":30,"37":1,"41":1,"45":4,"49":1,"56":35,"57":35,"61":6,"62":6,"66":31,"67":31,"71":2,"72":2,"76":35,"77":35,"81":6,"82":6,"86":1,"87":1,"91":3,"92":3},"path":"/Users/davidvanisacker/Programming/Ethereum/Proofsuite/ProofCryptoFiat2/contracts/libraries/CryptoDollarStorageProxy.sol","s":{"1":30,"2":24,"3":5,"4":30,"5":1,"6":1,"7":4,"8":1,"9":35,"10":35,"11":6,"12":6,"13":31,"14":31,"15":2,"16":2,"17":35,"18":35,"19":6,"20":6,"21":1,"22":1,"23":3,"24":3},"b":{},"f":{"1":7,"2":30,"3":24,"4":5,"5":30,"6":1,"7":1,"8":4,"9":1,"10":35,"11":6,"12":31,"13":2,"14":35,"15":6,"16":1,"17":3},"fnMap":{"1":{"name":"onlyContractManager","line":11,"loc":{"start":{"line":11,"column":4},"end":{"line":11,"column":30}}},"2":{"name":"getBalance","line":17,"loc":{"start":{"line":17,"column":4},"end":{"line":17,"column":82}}},"3":{"name":"getReservedEther","line":21,"loc":{"start":{"line":21,"column":4},"end":{"line":21,"column":88}}},"4":{"name":"getAllowance","line":25,"loc":{"start":{"line":25,"column":4},"end":{"line":25,"column":96}}},"5":{"name":"getTotalSupply","line":29,"loc":{"start":{"line":29,"column":4},"end":{"line":29,"column":70}}},"6":{"name":"setBalance","line":36,"loc":{"start":{"line":36,"column":4},"end":{"line":36,"column":93}}},"7":{"name":"setReservedEther","line":40,"loc":{"start":{"line":40,"column":4},"end":{"line":40,"column":99}}},"8":{"name":"setAllowance","line":44,"loc":{"start":{"line":44,"column":4},"end":{"line":44,"column":107}}},"9":{"name":"setTotalSupply","line":48,"loc":{"start":{"line":48,"column":4},"end":{"line":48,"column":81}}},"10":{"name":"incrementBalance","line":55,"loc":{"start":{"line":55,"column":4},"end":{"line":55,"column":79}}},"11":{"name":"decrementBalance","line":60,"loc":{"start":{"line":60,"column":4},"end":{"line":60,"column":79}}},"12":{"name":"incrementTotalSupply","line":65,"loc":{"start":{"line":65,"column":4},"end":{"line":65,"column":67}}},"13":{"name":"decrementTotalSupply","line":70,"loc":{"start":{"line":70,"column":4},"end":{"line":70,"column":67}}},"14":{"name":"incrementReservedEther","line":75,"loc":{"start":{"line":75,"column":4},"end":{"line":75,"column":85}}},"15":{"name":"decrementReservedEther","line":80,"loc":{"start":{"line":80,"column":4},"end":{"line":80,"column":85}}},"16":{"name":"incrementAllowance","line":85,"loc":{"start":{"line":85,"column":4},"end":{"line":85,"column":93}}},"17":{"name":"decrementAllowance","line":90,"loc":{"start":{"line":90,"column":4},"end":{"line":90,"column":93}}}},"statementMap":{"1":{"start":{"line":18,"column":8},"end":{"line":18,"column":89}},"2":{"start":{"line":22,"column":8},"end":{"line":22,"column":94}},"3":{"start":{"line":26,"column":8},"end":{"line":26,"column":92}},"4":{"start":{"line":30,"column":8},"end":{"line":30,"column":84}},"5":{"start":{"line":37,"column":8},"end":{"line":37,"column":97}},"6":{"start":{"line":41,"column":8},"end":{"line":41,"column":102}},"7":{"start":{"line":45,"column":8},"end":{"line":45,"column":100}},"8":{"start":{"line":49,"column":8},"end":{"line":49,"column":92}},"9":{"start":{"line":56,"column":8},"end":{"line":56,"column":99}},"10":{"start":{"line":57,"column":8},"end":{"line":57,"column":29}},"11":{"start":{"line":61,"column":8},"end":{"line":61,"column":99}},"12":{"start":{"line":62,"column":8},"end":{"line":62,"column":29}},"13":{"start":{"line":66,"column":8},"end":{"line":66,"column":94}},"14":{"start":{"line":67,"column":8},"end":{"line":67,"column":29}},"15":{"start":{"line":71,"column":8},"end":{"line":71,"column":94}},"16":{"start":{"line":72,"column":8},"end":{"line":72,"column":29}},"17":{"start":{"line":76,"column":8},"end":{"line":76,"column":104}},"18":{"start":{"line":77,"column":8},"end":{"line":77,"column":29}},"19":{"start":{"line":81,"column":8},"end":{"line":81,"column":104}},"20":{"start":{"line":82,"column":8},"end":{"line":82,"column":29}},"21":{"start":{"line":86,"column":8},"end":{"line":86,"column":102}},"22":{"start":{"line":87,"column":8},"end":{"line":87,"column":29}},"23":{"start":{"line":91,"column":8},"end":{"line":91,"column":102}},"24":{"start":{"line":92,"column":8},"end":{"line":92,"column":29}}},"branchMap":{}},"contracts/libraries/CryptoFiatStorageProxy.sol":{"l":{"13":44,"17":1,"21":49,"26":1,"30":43},"path":"/Users/davidvanisacker/Programming/Ethereum/Proofsuite/ProofCryptoFiat2/contracts/libraries/CryptoFiatStorageProxy.sol","s":{"1":1,"2":49,"3":1,"4":43},"b":{},"f":{"1":44,"2":1,"3":49,"4":1,"5":43},"fnMap":{"1":{"name":"onlyAuthorized","line":12,"loc":{"start":{"line":12,"column":4},"end":{"line":12,"column":25}}},"2":{"name":"getCreationTimestamp","line":16,"loc":{"start":{"line":16,"column":4},"end":{"line":16,"column":76}}},"3":{"name":"getCreationBlockNumber","line":20,"loc":{"start":{"line":20,"column":4},"end":{"line":20,"column":78}}},"4":{"name":"setCreationTimestamp","line":25,"loc":{"start":{"line":25,"column":4},"end":{"line":25,"column":85}}},"5":{"name":"setCreationBlockNumber","line":29,"loc":{"start":{"line":29,"column":4},"end":{"line":29,"column":87}}}},"statementMap":{"1":{"start":{"line":17,"column":8},"end":{"line":17,"column":88}},"2":{"start":{"line":21,"column":8},"end":{"line":21,"column":90}},"3":{"start":{"line":26,"column":8},"end":{"line":26,"column":29}},"4":{"start":{"line":30,"column":8},"end":{"line":30,"column":29}}},"branchMap":{}},"contracts/libraries/RewardsStorageProxy.sol":{"l":{"17":56,"22":2,"26":32,"30":9,"34":3,"38":1,"42":2,"46":35,"53":1,"57":1,"61":3,"65":3,"69":1,"73":1,"77":42,"83":1,"84":1,"88":3,"89":3,"93":29,"94":29},"path":"/Users/davidvanisacker/Programming/Ethereum/Proofsuite/ProofCryptoFiat2/contracts/libraries/RewardsStorageProxy.sol","s":{"1":2,"2":32,"3":9,"4":3,"5":1,"6":2,"7":35,"8":1,"9":1,"10":3,"11":3,"12":1,"13":1,"14":42,"15":1,"16":1,"17":3,"18":3,"19":29,"20":29},"b":{},"f":{"1":56,"2":2,"3":32,"4":9,"5":3,"6":1,"7":2,"8":35,"9":1,"10":1,"11":3,"12":3,"13":1,"14":1,"15":42,"16":1,"17":3,"18":29},"fnMap":{"1":{"name":"onlyAuthorized","line":16,"loc":{"start":{"line":16,"column":4},"end":{"line":16,"column":27}}},"2":{"name":"getCurrentPoolIndex","line":21,"loc":{"start":{"line":21,"column":4},"end":{"line":21,"column":75}}},"3":{"name":"getCurrentEpoch","line":25,"loc":{"start":{"line":25,"column":4},"end":{"line":25,"column":71}}},"4":{"name":"getCurrentPoolBalance","line":29,"loc":{"start":{"line":29,"column":4},"end":{"line":29,"column":77}}},"5":{"name":"getNthPoolBalance","line":33,"loc":{"start":{"line":33,"column":4},"end":{"line":33,"column":89}}},"6":{"name":"getNthPoolRemainingDividends","line":37,"loc":{"start":{"line":37,"column":4},"end":{"line":37,"column":100}}},"7":{"name":"getAccountLastWithdrawal","line":41,"loc":{"start":{"line":41,"column":4},"end":{"line":41,"column":98}}},"8":{"name":"getBlocksPerEpoch","line":45,"loc":{"start":{"line":45,"column":4},"end":{"line":45,"column":73}}},"9":{"name":"setCurrentPoolIndex","line":52,"loc":{"start":{"line":52,"column":4},"end":{"line":52,"column":84}}},"10":{"name":"setCurrentEpoch","line":56,"loc":{"start":{"line":56,"column":4},"end":{"line":56,"column":80}}},"11":{"name":"setCurrentPoolBalance","line":60,"loc":{"start":{"line":60,"column":4},"end":{"line":60,"column":86}}},"12":{"name":"setNthPoolBalance","line":64,"loc":{"start":{"line":64,"column":4},"end":{"line":64,"column":98}}},"13":{"name":"setNthPoolRemainingDividends","line":68,"loc":{"start":{"line":68,"column":4},"end":{"line":68,"column":109}}},"14":{"name":"setAccountLastWithdrawal","line":72,"loc":{"start":{"line":72,"column":4},"end":{"line":72,"column":107}}},"15":{"name":"setBlocksPerEpoch","line":76,"loc":{"start":{"line":76,"column":4},"end":{"line":76,"column":82}}},"16":{"name":"incrementCurrentPoolIndex","line":82,"loc":{"start":{"line":82,"column":4},"end":{"line":82,"column":91}}},"17":{"name":"incrementCurrentEpoch","line":87,"loc":{"start":{"line":87,"column":4},"end":{"line":87,"column":87}}},"18":{"name":"incrementCurrentPoolBalance","line":92,"loc":{"start":{"line":92,"column":4},"end":{"line":92,"column":78}}}},"statementMap":{"1":{"start":{"line":22,"column":8},"end":{"line":22,"column":86}},"2":{"start":{"line":26,"column":8},"end":{"line":26,"column":82}},"3":{"start":{"line":30,"column":8},"end":{"line":30,"column":88}},"4":{"start":{"line":34,"column":8},"end":{"line":34,"column":92}},"5":{"start":{"line":38,"column":8},"end":{"line":38,"column":101}},"6":{"start":{"line":42,"column":8},"end":{"line":42,"column":103}},"7":{"start":{"line":46,"column":8},"end":{"line":46,"column":84}},"8":{"start":{"line":53,"column":8},"end":{"line":53,"column":29}},"9":{"start":{"line":57,"column":8},"end":{"line":57,"column":29}},"10":{"start":{"line":61,"column":8},"end":{"line":61,"column":29}},"11":{"start":{"line":65,"column":8},"end":{"line":65,"column":29}},"12":{"start":{"line":69,"column":8},"end":{"line":69,"column":29}},"13":{"start":{"line":73,"column":8},"end":{"line":73,"column":29}},"14":{"start":{"line":77,"column":8},"end":{"line":77,"column":29}},"15":{"start":{"line":83,"column":8},"end":{"line":83,"column":110}},"16":{"start":{"line":84,"column":8},"end":{"line":84,"column":29}},"17":{"start":{"line":88,"column":8},"end":{"line":88,"column":106}},"18":{"start":{"line":89,"column":8},"end":{"line":89,"column":29}},"19":{"start":{"line":93,"column":8},"end":{"line":93,"column":112}},"20":{"start":{"line":94,"column":8},"end":{"line":94,"column":29}}},"branchMap":{}},"contracts/libraries/SafeMath.sol":{"l":{"10":36,"11":36,"12":36,"17":76,"19":76,"23":17,"24":17,"28":135,"29":135,"30":135},"path":"/Users/davidvanisacker/Programming/Ethereum/Proofsuite/ProofCryptoFiat2/contracts/libraries/SafeMath.sol","s":{"1":36,"2":36,"3":36,"4":76,"5":76,"6":17,"7":17,"8":135,"9":135,"10":135},"b":{"1":[36,0],"2":[17,0],"3":[135,0]},"f":{"1":36,"2":76,"3":17,"4":135},"fnMap":{"1":{"name":"mul","line":9,"loc":{"start":{"line":9,"column":2},"end":{"line":9,"column":68}}},"2":{"name":"div","line":15,"loc":{"start":{"line":15,"column":2},"end":{"line":15,"column":68}}},"3":{"name":"sub","line":22,"loc":{"start":{"line":22,"column":2},"end":{"line":22,"column":68}}},"4":{"name":"add","line":27,"loc":{"start":{"line":27,"column":2},"end":{"line":27,"column":68}}}},"statementMap":{"1":{"start":{"line":10,"column":4},"end":{"line":10,"column":20}},"2":{"start":{"line":11,"column":4},"end":{"line":11,"column":31}},"3":{"start":{"line":12,"column":4},"end":{"line":12,"column":12}},"4":{"start":{"line":17,"column":4},"end":{"line":17,"column":20}},"5":{"start":{"line":19,"column":4},"end":{"line":19,"column":12}},"6":{"start":{"line":23,"column":4},"end":{"line":23,"column":17}},"7":{"start":{"line":24,"column":4},"end":{"line":24,"column":16}},"8":{"start":{"line":28,"column":4},"end":{"line":28,"column":20}},"9":{"start":{"line":29,"column":4},"end":{"line":29,"column":17}},"10":{"start":{"line":30,"column":4},"end":{"line":30,"column":12}}},"branchMap":{"1":{"line":11,"type":"if","locations":[{"start":{"line":11,"column":4},"end":{"line":11,"column":4}},{"start":{"line":11,"column":4},"end":{"line":11,"column":4}}]},"2":{"line":23,"type":"if","locations":[{"start":{"line":23,"column":4},"end":{"line":23,"column":4}},{"start":{"line":23,"column":4},"end":{"line":23,"column":4}}]},"3":{"line":29,"type":"if","locations":[{"start":{"line":29,"column":4},"end":{"line":29,"column":4}},{"start":{"line":29,"column":4},"end":{"line":29,"column":4}}]}}},"contracts/Rewards.sol":{"l":{"30":42,"31":42,"38":0,"50":5,"60":2,"71":29,"73":28,"74":28,"75":2,"76":2,"77":2,"78":2,"81":28,"104":1,"106":1,"107":1,"109":1,"110":0,"111":0,"112":0,"113":0,"116":1,"117":1,"118":1,"119":1,"121":0,"122":0,"123":0,"124":0,"125":0,"126":0,"129":0,"130":0,"131":0,"132":0,"141":33,"142":33,"144":33,"145":33,"156":2,"157":2,"158":2,"160":2},"path":"/Users/davidvanisacker/Programming/Ethereum/Proofsuite/ProofCryptoFiat2/contracts/Rewards.sol","s":{"1":42,"2":42,"3":0,"4":5,"5":2,"6":29,"7":28,"8":28,"9":2,"10":1,"11":1,"12":1,"13":1,"14":0,"15":1,"16":1,"17":1,"18":1,"19":0,"20":0,"21":0,"22":0,"23":0,"24":0,"25":0,"26":0,"27":33,"28":33,"29":33,"30":33,"31":2,"32":2,"33":2,"34":2},"b":{"1":[28,1],"2":[2,26],"3":[1,0],"4":[0,1],"5":[0,1],"6":[0,0],"7":[0,0]},"f":{"1":42,"2":0,"3":5,"4":2,"5":29,"6":1,"7":33,"8":2},"fnMap":{"1":{"name":"Rewards","line":29,"loc":{"start":{"line":29,"column":2},"end":{"line":29,"column":70}}},"2":{"name":null,"line":37,"loc":{"start":{"line":37,"column":2},"end":{"line":37,"column":28}}},"3":{"name":"getCurrentPoolBalance","line":49,"loc":{"start":{"line":49,"column":2},"end":{"line":49,"column":68}}},"4":{"name":"getNthPoolBalance","line":59,"loc":{"start":{"line":59,"column":2},"end":{"line":59,"column":78}}},"5":{"name":"receiveRewards","line":70,"loc":{"start":{"line":70,"column":2},"end":{"line":70,"column":42}}},"6":{"name":"withdrawRewards","line":103,"loc":{"start":{"line":103,"column":2},"end":{"line":103,"column":35}}},"7":{"name":"getCurrentEpoch","line":140,"loc":{"start":{"line":140,"column":2},"end":{"line":140,"column":70}}},"8":{"name":"getBlockNumberAtEpochStart","line":155,"loc":{"start":{"line":155,"column":2},"end":{"line":155,"column":94}}}},"statementMap":{"1":{"start":{"line":30,"column":4},"end":{"line":30,"column":24}},"2":{"start":{"line":31,"column":4},"end":{"line":31,"column":49}},"3":{"start":{"line":38,"column":4},"end":{"line":38,"column":11}},"4":{"start":{"line":50,"column":4},"end":{"line":50,"column":40}},"5":{"start":{"line":60,"column":4},"end":{"line":60,"column":42}},"6":{"start":{"line":71,"column":4},"end":{"line":71,"column":25}},"7":{"start":{"line":73,"column":4},"end":{"line":73,"column":49}},"8":{"start":{"line":74,"column":4},"end":{"line":74,"column":2547}},"9":{"start":{"line":75,"column":6},"end":{"line":75,"column":63}},"10":{"start":{"line":104,"column":4},"end":{"line":104,"column":29}},"11":{"start":{"line":106,"column":4},"end":{"line":106,"column":46}},"12":{"start":{"line":107,"column":4},"end":{"line":107,"column":43}},"13":{"start":{"line":109,"column":4},"end":{"line":109,"column":4044}},"14":{"start":{"line":110,"column":6},"end":{"line":110,"column":63}},"15":{"start":{"line":116,"column":4},"end":{"line":116,"column":30}},"16":{"start":{"line":117,"column":4},"end":{"line":117,"column":70}},"17":{"start":{"line":118,"column":4},"end":{"line":118,"column":38}},"18":{"start":{"line":119,"column":4},"end":{"line":119,"column":39}},"19":{"start":{"line":121,"column":4},"end":{"line":121,"column":4487}},"20":{"start":{"line":122,"column":6},"end":{"line":122,"column":68}},"21":{"start":{"line":123,"column":6},"end":{"line":123,"column":94}},"22":{"start":{"line":124,"column":6},"end":{"line":124,"column":51}},"23":{"start":{"line":125,"column":6},"end":{"line":125,"column":90}},"24":{"start":{"line":126,"column":6},"end":{"line":126,"column":59}},"25":{"start":{"line":129,"column":4},"end":{"line":129,"column":32}},"26":{"start":{"line":130,"column":4},"end":{"line":130,"column":42}},"27":{"start":{"line":141,"column":4},"end":{"line":141,"column":63}},"28":{"start":{"line":142,"column":4},"end":{"line":142,"column":53}},"29":{"start":{"line":144,"column":4},"end":{"line":144,"column":71}},"30":{"start":{"line":145,"column":4},"end":{"line":145,"column":23}},"31":{"start":{"line":156,"column":4},"end":{"line":156,"column":63}},"32":{"start":{"line":157,"column":4},"end":{"line":157,"column":53}},"33":{"start":{"line":158,"column":4},"end":{"line":158,"column":62}},"34":{"start":{"line":160,"column":4},"end":{"line":160,"column":22}}},"branchMap":{"1":{"line":71,"type":"if","locations":[{"start":{"line":71,"column":4},"end":{"line":71,"column":4}},{"start":{"line":71,"column":4},"end":{"line":71,"column":4}}]},"2":{"line":74,"type":"if","locations":[{"start":{"line":74,"column":4},"end":{"line":74,"column":4}},{"start":{"line":74,"column":4},"end":{"line":74,"column":4}}]},"3":{"line":104,"type":"if","locations":[{"start":{"line":104,"column":4},"end":{"line":104,"column":4}},{"start":{"line":104,"column":4},"end":{"line":104,"column":4}}]},"4":{"line":109,"type":"if","locations":[{"start":{"line":109,"column":4},"end":{"line":109,"column":4}},{"start":{"line":109,"column":4},"end":{"line":109,"column":4}}]},"5":{"line":119,"type":"if","locations":[{"start":{"line":119,"column":4},"end":{"line":119,"column":4}},{"start":{"line":119,"column":4},"end":{"line":119,"column":4}}]},"6":{"line":129,"type":"if","locations":[{"start":{"line":129,"column":4},"end":{"line":129,"column":4}},{"start":{"line":129,"column":4},"end":{"line":129,"column":4}}]},"7":{"line":130,"type":"if","locations":[{"start":{"line":130,"column":4},"end":{"line":130,"column":4}},{"start":{"line":130,"column":4},"end":{"line":130,"column":4}}]}}},"contracts/Store.sol":{"l":{"19":2,"24":377,"29":2,"34":0,"39":2,"44":2,"53":2,"58":256,"63":2,"68":0,"73":2,"78":3,"86":1,"91":1,"96":1,"101":0,"106":1,"111":1},"path":"/Users/davidvanisacker/Programming/Ethereum/Proofsuite/ProofCryptoFiat2/contracts/Store.sol","s":{"1":2,"2":377,"3":2,"4":0,"5":2,"6":2,"7":2,"8":256,"9":2,"10":0,"11":2,"12":3},"b":{},"f":{"1":2,"2":377,"3":2,"4":0,"5":2,"6":2,"7":2,"8":256,"9":2,"10":0,"11":2,"12":3,"13":1,"14":1,"15":1,"16":0,"17":1,"18":1},"fnMap":{"1":{"name":"getAddress","line":18,"loc":{"start":{"line":18,"column":4},"end":{"line":18,"column":67}}},"2":{"name":"getUint","line":23,"loc":{"start":{"line":23,"column":4},"end":{"line":23,"column":61}}},"3":{"name":"getString","line":28,"loc":{"start":{"line":28,"column":4},"end":{"line":28,"column":65}}},"4":{"name":"getBytes","line":33,"loc":{"start":{"line":33,"column":4},"end":{"line":33,"column":63}}},"5":{"name":"getBool","line":38,"loc":{"start":{"line":38,"column":4},"end":{"line":38,"column":61}}},"6":{"name":"getInt","line":43,"loc":{"start":{"line":43,"column":4},"end":{"line":43,"column":59}}},"7":{"name":"setAddress","line":52,"loc":{"start":{"line":52,"column":4},"end":{"line":52,"column":75}}},"8":{"name":"setUint","line":57,"loc":{"start":{"line":57,"column":4},"end":{"line":57,"column":69}}},"9":{"name":"setString","line":62,"loc":{"start":{"line":62,"column":4},"end":{"line":62,"column":73}}},"10":{"name":"setBytes","line":67,"loc":{"start":{"line":67,"column":4},"end":{"line":67,"column":71}}},"11":{"name":"setBool","line":72,"loc":{"start":{"line":72,"column":4},"end":{"line":72,"column":69}}},"12":{"name":"setInt","line":77,"loc":{"start":{"line":77,"column":4},"end":{"line":77,"column":67}}},"13":{"name":"deleteAddress","line":85,"loc":{"start":{"line":85,"column":4},"end":{"line":85,"column":62}}},"14":{"name":"deleteUint","line":90,"loc":{"start":{"line":90,"column":4},"end":{"line":90,"column":59}}},"15":{"name":"deleteString","line":95,"loc":{"start":{"line":95,"column":4},"end":{"line":95,"column":61}}},"16":{"name":"deleteBytes","line":100,"loc":{"start":{"line":100,"column":4},"end":{"line":100,"column":60}}},"17":{"name":"deleteBool","line":105,"loc":{"start":{"line":105,"column":4},"end":{"line":105,"column":59}}},"18":{"name":"deleteInt","line":110,"loc":{"start":{"line":110,"column":4},"end":{"line":110,"column":58}}}},"statementMap":{"1":{"start":{"line":19,"column":8},"end":{"line":19,"column":35}},"2":{"start":{"line":24,"column":8},"end":{"line":24,"column":32}},"3":{"start":{"line":29,"column":8},"end":{"line":29,"column":34}},"4":{"start":{"line":34,"column":8},"end":{"line":34,"column":33}},"5":{"start":{"line":39,"column":8},"end":{"line":39,"column":32}},"6":{"start":{"line":44,"column":8},"end":{"line":44,"column":31}},"7":{"start":{"line":53,"column":8},"end":{"line":53,"column":36}},"8":{"start":{"line":58,"column":8},"end":{"line":58,"column":33}},"9":{"start":{"line":63,"column":8},"end":{"line":63,"column":35}},"10":{"start":{"line":68,"column":8},"end":{"line":68,"column":34}},"11":{"start":{"line":73,"column":8},"end":{"line":73,"column":33}},"12":{"start":{"line":78,"column":8},"end":{"line":78,"column":32}}},"branchMap":{}},"contracts/utils/ApproveAndCallReceiver.sol":{"l":{},"path":"/Users/davidvanisacker/Programming/Ethereum/Proofsuite/ProofCryptoFiat2/contracts/utils/ApproveAndCallReceiver.sol","s":{},"b":{},"f":{},"fnMap":{},"statementMap":{},"branchMap":{}},"contracts/utils/Controlled.sol":{"l":{"17":42,"24":12,"25":12,"33":0,"34":0},"path":"/Users/davidvanisacker/Programming/Ethereum/Proofsuite/ProofCryptoFiat2/contracts/utils/Controlled.sol","s":{"1":42,"2":12,"3":0,"4":0},"b":{"1":[12,0],"2":[0,0]},"f":{"1":42,"2":12,"3":0},"fnMap":{"1":{"name":"Controlled","line":16,"loc":{"start":{"line":16,"column":2},"end":{"line":16,"column":30}}},"2":{"name":"onlyController","line":23,"loc":{"start":{"line":23,"column":2},"end":{"line":23,"column":27}}},"3":{"name":"transferControl","line":32,"loc":{"start":{"line":32,"column":2},"end":{"line":32,"column":71}}}},"statementMap":{"1":{"start":{"line":17,"column":4},"end":{"line":17,"column":26}},"2":{"start":{"line":24,"column":4},"end":{"line":24,"column":36}},"3":{"start":{"line":33,"column":4},"end":{"line":33,"column":861}},"4":{"start":{"line":34,"column":6},"end":{"line":34,"column":31}}},"branchMap":{"1":{"line":24,"type":"if","locations":[{"start":{"line":24,"column":4},"end":{"line":24,"column":4}},{"start":{"line":24,"column":4},"end":{"line":24,"column":4}}]},"2":{"line":33,"type":"if","locations":[{"start":{"line":33,"column":4},"end":{"line":33,"column":4}},{"start":{"line":33,"column":4},"end":{"line":33,"column":4}}]}}},"contracts/utils/Ownable.sol":{"l":{"17":166,"25":258,"26":252,"33":2,"34":1,"43":1,"44":1,"49":2},"path":"/Users/davidvanisacker/Programming/Ethereum/Proofsuite/ProofCryptoFiat2/contracts/utils/Ownable.sol","s":{"1":166,"2":258,"3":2,"4":1,"5":1,"6":2},"b":{"1":[252,6],"2":[1,1],"3":[1,0]},"f":{"1":166,"2":258,"3":2,"4":1,"5":2},"fnMap":{"1":{"name":"Ownable","line":16,"loc":{"start":{"line":16,"column":4},"end":{"line":16,"column":27}}},"2":{"name":"onlyOwner","line":24,"loc":{"start":{"line":24,"column":4},"end":{"line":24,"column":22}}},"3":{"name":"onlyUnlocked","line":32,"loc":{"start":{"line":32,"column":4},"end":{"line":32,"column":25}}},"4":{"name":"transferOwnership","line":42,"loc":{"start":{"line":42,"column":4},"end":{"line":42,"column":76}}},"5":{"name":"lockOwnership","line":48,"loc":{"start":{"line":48,"column":4},"end":{"line":48,"column":43}}}},"statementMap":{"1":{"start":{"line":17,"column":8},"end":{"line":17,"column":25}},"2":{"start":{"line":25,"column":8},"end":{"line":25,"column":35}},"3":{"start":{"line":33,"column":8},"end":{"line":33,"column":30}},"4":{"start":{"line":43,"column":8},"end":{"line":43,"column":1045}},"5":{"start":{"line":44,"column":12},"end":{"line":44,"column":27}},"6":{"start":{"line":49,"column":8},"end":{"line":49,"column":20}}},"branchMap":{"1":{"line":25,"type":"if","locations":[{"start":{"line":25,"column":8},"end":{"line":25,"column":8}},{"start":{"line":25,"column":8},"end":{"line":25,"column":8}}]},"2":{"line":33,"type":"if","locations":[{"start":{"line":33,"column":8},"end":{"line":33,"column":8}},{"start":{"line":33,"column":8},"end":{"line":33,"column":8}}]},"3":{"line":43,"type":"if","locations":[{"start":{"line":43,"column":8},"end":{"line":43,"column":8}},{"start":{"line":43,"column":8},"end":{"line":43,"column":8}}]}}},"contracts/utils/Secured.sol":{"l":{"19":244,"20":244,"24":313,"25":302,"29":244,"30":241,"35":239,"36":239,"40":1,"41":1,"42":0,"43":0,"44":0,"46":0,"51":1,"52":1,"53":1,"54":1,"57":1,"58":1,"62":5,"66":4,"67":4},"path":"/Users/davidvanisacker/Programming/Ethereum/Proofsuite/ProofCryptoFiat2/contracts/utils/Secured.sol","s":{"1":244,"2":313,"3":244,"4":239,"5":1,"6":1,"7":0,"8":0,"9":0,"10":1,"11":1,"12":1,"13":1,"14":1,"15":5,"16":4,"17":4},"b":{"1":[244,0],"2":[302,11],"3":[241,3],"4":[0,0],"5":[1,0]},"f":{"1":166,"2":244,"3":313,"4":244,"5":239,"6":1,"7":1,"8":5,"9":4},"fnMap":{"1":{"name":"Secured","line":13,"loc":{"start":{"line":13,"column":2},"end":{"line":13,"column":27}}},"2":{"name":"notNull","line":18,"loc":{"start":{"line":18,"column":2},"end":{"line":18,"column":20}}},"3":{"name":"onlyAuthorized","line":23,"loc":{"start":{"line":23,"column":2},"end":{"line":23,"column":25}}},"4":{"name":"notLocked","line":28,"loc":{"start":{"line":28,"column":2},"end":{"line":28,"column":20}}},"5":{"name":"authorizeAccess","line":34,"loc":{"start":{"line":34,"column":2},"end":{"line":34,"column":79}}},"6":{"name":"revokeAccess","line":39,"loc":{"start":{"line":39,"column":2},"end":{"line":39,"column":76}}},"7":{"name":"replaceAccess","line":50,"loc":{"start":{"line":50,"column":2},"end":{"line":50,"column":98}}},"8":{"name":"getAuthorizations","line":61,"loc":{"start":{"line":61,"column":2},"end":{"line":61,"column":65}}},"9":{"name":"lockAuthorizations","line":65,"loc":{"start":{"line":65,"column":2},"end":{"line":65,"column":70}}}},"statementMap":{"1":{"start":{"line":19,"column":4},"end":{"line":19,"column":29}},"2":{"start":{"line":24,"column":4},"end":{"line":24,"column":36}},"3":{"start":{"line":29,"column":4},"end":{"line":29,"column":33}},"4":{"start":{"line":35,"column":4},"end":{"line":35,"column":32}},"5":{"start":{"line":40,"column":4},"end":{"line":40,"column":33}},"6":{"start":{"line":41,"column":4},"end":{"line":41,"column":732}},"7":{"start":{"line":42,"column":6},"end":{"line":42,"column":791}},"8":{"start":{"line":43,"column":8},"end":{"line":43,"column":56}},"9":{"start":{"line":46,"column":6},"end":{"line":46,"column":27}},"10":{"start":{"line":51,"column":4},"end":{"line":51,"column":1050}},"11":{"start":{"line":52,"column":6},"end":{"line":52,"column":1105}},"12":{"start":{"line":53,"column":10},"end":{"line":53,"column":36}},"13":{"start":{"line":57,"column":4},"end":{"line":57,"column":33}},"14":{"start":{"line":58,"column":4},"end":{"line":58,"column":35}},"15":{"start":{"line":62,"column":4},"end":{"line":62,"column":21}},"16":{"start":{"line":66,"column":4},"end":{"line":66,"column":30}},"17":{"start":{"line":67,"column":4},"end":{"line":67,"column":15}}},"branchMap":{"1":{"line":19,"type":"if","locations":[{"start":{"line":19,"column":4},"end":{"line":19,"column":4}},{"start":{"line":19,"column":4},"end":{"line":19,"column":4}}]},"2":{"line":24,"type":"if","locations":[{"start":{"line":24,"column":4},"end":{"line":24,"column":4}},{"start":{"line":24,"column":4},"end":{"line":24,"column":4}}]},"3":{"line":29,"type":"if","locations":[{"start":{"line":29,"column":4},"end":{"line":29,"column":4}},{"start":{"line":29,"column":4},"end":{"line":29,"column":4}}]},"4":{"line":42,"type":"if","locations":[{"start":{"line":42,"column":6},"end":{"line":42,"column":6}},{"start":{"line":42,"column":6},"end":{"line":42,"column":6}}]},"5":{"line":52,"type":"if","locations":[{"start":{"line":52,"column":6},"end":{"line":52,"column":6}},{"start":{"line":52,"column":6},"end":{"line":52,"column":6}}]}}}}